<?xml version="1.0" encoding="UTF-8"?>
<!-- Generated by org.testng.reporters.JUnitXMLReporter -->
<testsuite ignored="0" hostname="DESKTOP-NBT543S" failures="0" tests="10" name="Surefire test" time="5.288" errors="0" timestamp="2026-04-21T13:30:38 IST">
  <testcase classname="resrassuredTests.LoginTest" name="testSuccessfulLogin_Form" time="2.46"/>
  <testcase classname="resrassuredTests.LoginTest" name="testSuccessfulLogin_Json" time="0.288"/>
  <testcase classname="resrassuredTests.LoginTest" name="testInvalidCredentials" time="0.24"/>
  <testcase classname="resrassuredTests.LoginTest" name="testInvalidMethod" time="0.138"/>
  <testcase classname="resrassuredTests.LoginTest" name="testResponseTime" time="0.243"/>
  <testcase classname="resrassuredTests.LogoutTest" name="testSuccessfulLogout" time="0.201"/>
  <testcase classname="resrassuredTests.LogoutTest" name="testLogoutWithoutToken" time="0.144"/>
  <testcase classname="resrassuredTests.LogoutTest" name="testLogoutWithInvalidToken" time="0.12"/>
  <testcase classname="resrassuredTests.LogoutTest" name="testDoubleLogout" time="0.476"/>
  <testcase classname="resrassuredTests.LogoutTest" name="testLogoutWithPostMethod" time="0.248"/>
</testsuite> <!-- Surefire test -->
