<?xml version="1.0" encoding="UTF-8"?>
<!-- Generated by org.testng.reporters.JUnitXMLReporter -->
<testsuite ignored="0" hostname="DESKTOP-NBT543S" failures="0" tests="7" name="Default test" time="3.901" errors="0" timestamp="2026-03-19T17:27:32 IST">
  <testcase classname="resrassuredTests.BanenerAPI" name="getBanners_ContentType" time="1.851"/>
  <testcase classname="resrassuredTests.BanenerAPI" name="getBanners_EmptyToken" time="0.966"/>
  <testcase classname="resrassuredTests.BanenerAPI" name="getBanners_NoAuthHeader" time="0.141"/>
  <testcase classname="resrassuredTests.BanenerAPI" name="getBanners_ResponseTime" time="0.526"/>
  <testcase classname="resrassuredTests.BanenerAPI" name="getBanners_StatusCode" time="0.162"/>
  <testcase classname="resrassuredTests.BanenerAPI" name="getBanners_Unauthorized" time="0.151"/>
  <testcase classname="resrassuredTests.BanenerAPI" name="setup" time="0.003"/>
</testsuite> <!-- Default test -->
