<?xml version="1.0" encoding="UTF-8"?>
<testng-results ignored="0" total="1" passed="1" failed="0" skipped="0">
  <reporter-output>
  </reporter-output>
  <suite started-at="2026-03-13T11:40:14 IST" name="Default suite" finished-at="2026-03-13T11:40:17 IST" duration-ms="2932">
    <groups>
    </groups>
    <test started-at="2026-03-13T11:40:14 IST" name="Default test" finished-at="2026-03-13T11:40:17 IST" duration-ms="2932">
      <class name="StarAPI.StarRestAssuedAPIAProject.StarAPI">
        <test-method signature="validSearchTest()[pri:0, instance:StarAPI.StarRestAssuedAPIAProject.StarAPI@4d5d943d]" started-at="2026-03-13T11:40:14 IST" name="validSearchTest" finished-at="2026-03-13T11:40:17 IST" duration-ms="2871" status="PASS">
          <reporter-output>
          </reporter-output>
        </test-method> <!-- validSearchTest -->
      </class> <!-- StarAPI.StarRestAssuedAPIAProject.StarAPI -->
    </test> <!-- Default test -->
  </suite> <!-- Default suite -->
</testng-results>
