<?xml version="1.0" encoding="UTF-8"?>
<testsuite xmlns:xsi="http://www.w3.org/2001/XMLSchema-instance" xsi:noNamespaceSchemaLocation="https://maven.apache.org/surefire/maven-surefire-plugin/xsd/surefire-test-report-3.0.xsd" version="3.0" name="TestSuite" time="6.049" tests="10" errors="0" skipped="0" failures="0">
  <properties>
[...]
</properties>
  <testcase name="testSuccessfulLogin_Form" classname="resrassuredTests.LoginTest" time="2.461">
    <system-err><![CDATA[SLF4J: Failed to load class "org.slf4j.impl.StaticLoggerBinder".
SLF4J: Defaulting to no-operation (NOP) logger implementation
SLF4J: See http://www.slf4j.org/codes.html#StaticLoggerBinder for further details.
]]></system-err>
  </testcase>
  <testcase name="testSuccessfulLogin_Json" classname="resrassuredTests.LoginTest" time="0.289"/>
  <testcase name="testInvalidCredentials" classname="resrassuredTests.LoginTest" time="0.241">
    <system-out><![CDATA[HTTP/1.1 500 Internal Server Error
Server: nginx/1.18.0 (Ubuntu)
Date: Tue, 21 Apr 2026 08:00:36 GMT
Content-Type: application/json; charset=utf-8
Content-Length: 48
Connection: keep-alive
X-Powered-By: Express
Access-Control-Allow-Origin: *
ETag: W/"30-m3XGowp4mANn5qd3SNvziTreRGo"
Vary: Accept-Encoding

{
    "error": true,
    "message": "Internal server error"
}
]]></system-out>
  </testcase>
  <testcase name="testInvalidMethod" classname="resrassuredTests.LoginTest" time="0.138">
    <system-out><![CDATA[HTTP/1.1 400 Bad Request
Server: nginx/1.18.0 (Ubuntu)
Date: Tue, 21 Apr 2026 08:00:36 GMT
Content-Type: application/json; charset=utf-8
Content-Length: 28
Connection: keep-alive
X-Powered-By: Express
Access-Control-Allow-Origin: *
ETag: W/"1c-QP2Gp2QhPTOBVd2QBClP7DPvdmw"
Vary: Accept-Encoding

{
    "message": "No route found"
}
]]></system-out>
  </testcase>
  <testcase name="testResponseTime" classname="resrassuredTests.LoginTest" time="0.243"/>
  <testcase name="testSuccessfulLogout" classname="resrassuredTests.LogoutTest" time="0.203">
    <system-out><![CDATA[Valid Token acquired: eyJhbGciOiJIUzI1NiIsInR5cCI6IkpXVCJ9.eyJ1dWlkIjoiMWMyYWRiY2YtZDZhMS00YjY5LWFlYmItZDQ5MDRlNzg3OGFmIiwiaWQiOiIxIiwiZW1haWwiOiJhZG1pbkB5b3BtYWlsLmNvbSIsIm1vYmlsZV9ubyI6Ijk4NzY1NDMyMTAiLCJyb2xlIjp7ImlkIjoxLCJyb2xlX25hbWUiOiJBZG1pbiIsInNsdWciOiJhZG1pbiJ9LCJpYXQiOjE3NzY3NTg0MzcsImV4cCI6MTc3OTM1MDQzN30.xX5WdZpE8f9Xd34wFA-ArmxbjrzSpGACsu-8TzKeRdk
]]></system-out>
  </testcase>
  <testcase name="testLogoutWithoutToken" classname="resrassuredTests.LogoutTest" time="0.143"/>
  <testcase name="testLogoutWithInvalidToken" classname="resrassuredTests.LogoutTest" time="0.119"/>
  <testcase name="testDoubleLogout" classname="resrassuredTests.LogoutTest" time="0.475"/>
  <testcase name="testLogoutWithPostMethod" classname="resrassuredTests.LogoutTest" time="0.25">
    <system-out><![CDATA[HTTP/1.1 404 Not Found
Server: nginx/1.18.0 (Ubuntu)
Date: Tue, 21 Apr 2026 08:00:38 GMT
Content-Type: text/html; charset=utf-8
Transfer-Encoding: chunked
Connection: keep-alive
X-Powered-By: Express
Access-Control-Allow-Origin: *
Content-Security-Policy: default-src 'none'
X-Content-Type-Options: nosniff
Vary: Accept-Encoding
Content-Encoding: gzip

<html lang="en">
  <head>
    <meta charset="utf-8"/>
    <title>Error</title>
  </head>
  <body>
    <pre>Cannot POST /api/admin/auth/logout</pre>
  </body>
</html>
]]></system-out>
  </testcase>
</testsuite>