<?xml version="1.0" encoding="UTF-8"?>
<testng-results ignored="0" total="7" passed="7" failed="0" skipped="0">
  <reporter-output>
  </reporter-output>
  <suite started-at="2026-03-18T10:50:05 IST" name="Default suite" finished-at="2026-03-18T10:50:11 IST" duration-ms="5926">
    <groups>
    </groups>
    <test started-at="2026-03-18T10:50:05 IST" name="Default test" finished-at="2026-03-18T10:50:11 IST" duration-ms="5926">
      <class name="resrassuredTests.BrandAPI">
        <test-method signature="emptySearchTest()[pri:0, instance:resrassuredTests.BrandAPI@4c583ecf]" started-at="2026-03-18T10:50:05 IST" name="emptySearchTest" finished-at="2026-03-18T10:50:08 IST" duration-ms="3644" status="PASS">
          <reporter-output>
          </reporter-output>
        </test-method> <!-- emptySearchTest -->
        <test-method signature="invalidTokenTest()[pri:0, instance:resrassuredTests.BrandAPI@4c583ecf]" started-at="2026-03-18T10:50:08 IST" name="invalidTokenTest" finished-at="2026-03-18T10:50:09 IST" duration-ms="183" status="PASS">
          <reporter-output>
          </reporter-output>
        </test-method> <!-- invalidTokenTest -->
        <test-method signature="largeSearchInputTest()[pri:0, instance:resrassuredTests.BrandAPI@4c583ecf]" started-at="2026-03-18T10:50:09 IST" name="largeSearchInputTest" finished-at="2026-03-18T10:50:09 IST" duration-ms="171" status="PASS">
          <reporter-output>
          </reporter-output>
        </test-method> <!-- largeSearchInputTest -->
        <test-method signature="missingTokenTest()[pri:0, instance:resrassuredTests.BrandAPI@4c583ecf]" started-at="2026-03-18T10:50:09 IST" name="missingTokenTest" finished-at="2026-03-18T10:50:09 IST" duration-ms="184" status="PASS">
          <reporter-output>
          </reporter-output>
        </test-method> <!-- missingTokenTest -->
        <test-method signature="responseTimeTest()[pri:0, instance:resrassuredTests.BrandAPI@4c583ecf]" started-at="2026-03-18T10:50:09 IST" name="responseTimeTest" finished-at="2026-03-18T10:50:09 IST" duration-ms="204" status="PASS">
          <reporter-output>
          </reporter-output>
        </test-method> <!-- responseTimeTest -->
        <test-method signature="validSearchTest()[pri:0, instance:resrassuredTests.BrandAPI@4c583ecf]" started-at="2026-03-18T10:50:09 IST" name="validSearchTest" finished-at="2026-03-18T10:50:10 IST" duration-ms="1284" status="PASS">
          <reporter-output>
          </reporter-output>
        </test-method> <!-- validSearchTest -->
        <test-method signature="validateBrandFields()[pri:0, instance:resrassuredTests.BrandAPI@4c583ecf]" started-at="2026-03-18T10:50:10 IST" name="validateBrandFields" finished-at="2026-03-18T10:50:11 IST" duration-ms="165" status="PASS">
          <reporter-output>
          </reporter-output>
        </test-method> <!-- validateBrandFields -->
      </class> <!-- resrassuredTests.BrandAPI -->
    </test> <!-- Default test -->
  </suite> <!-- Default suite -->
</testng-results>
