<?xml version="1.0" encoding="UTF-8"?>
<testng-results ignored="0" total="7" passed="7" failed="0" skipped="0">
  <reporter-output>
  </reporter-output>
  <suite started-at="2026-03-19T17:27:28 IST" name="Default suite" finished-at="2026-03-19T17:27:32 IST" duration-ms="3901">
    <groups>
    </groups>
    <test started-at="2026-03-19T17:27:28 IST" name="Default test" finished-at="2026-03-19T17:27:32 IST" duration-ms="3901">
      <class name="resrassuredTests.BanenerAPI">
        <test-method signature="getBanners_ContentType()[pri:0, instance:resrassuredTests.BanenerAPI@55141def]" started-at="2026-03-19T17:27:28 IST" name="getBanners_ContentType" finished-at="2026-03-19T17:27:30 IST" duration-ms="1851" status="PASS">
          <reporter-output>
          </reporter-output>
        </test-method> <!-- getBanners_ContentType -->
        <test-method signature="getBanners_EmptyToken()[pri:0, instance:resrassuredTests.BanenerAPI@55141def]" started-at="2026-03-19T17:27:30 IST" name="getBanners_EmptyToken" finished-at="2026-03-19T17:27:31 IST" duration-ms="966" status="PASS">
          <reporter-output>
          </reporter-output>
        </test-method> <!-- getBanners_EmptyToken -->
        <test-method signature="getBanners_NoAuthHeader()[pri:0, instance:resrassuredTests.BanenerAPI@55141def]" started-at="2026-03-19T17:27:31 IST" name="getBanners_NoAuthHeader" finished-at="2026-03-19T17:27:31 IST" duration-ms="141" status="PASS">
          <reporter-output>
          </reporter-output>
        </test-method> <!-- getBanners_NoAuthHeader -->
        <test-method signature="getBanners_ResponseTime()[pri:0, instance:resrassuredTests.BanenerAPI@55141def]" started-at="2026-03-19T17:27:31 IST" name="getBanners_ResponseTime" finished-at="2026-03-19T17:27:32 IST" duration-ms="526" status="PASS">
          <reporter-output>
          </reporter-output>
        </test-method> <!-- getBanners_ResponseTime -->
        <test-method signature="getBanners_StatusCode()[pri:0, instance:resrassuredTests.BanenerAPI@55141def]" started-at="2026-03-19T17:27:32 IST" name="getBanners_StatusCode" finished-at="2026-03-19T17:27:32 IST" duration-ms="162" status="PASS">
          <reporter-output>
          </reporter-output>
        </test-method> <!-- getBanners_StatusCode -->
        <test-method signature="getBanners_Unauthorized()[pri:0, instance:resrassuredTests.BanenerAPI@55141def]" started-at="2026-03-19T17:27:32 IST" name="getBanners_Unauthorized" finished-at="2026-03-19T17:27:32 IST" duration-ms="151" status="PASS">
          <reporter-output>
          </reporter-output>
        </test-method> <!-- getBanners_Unauthorized -->
        <test-method signature="setup()[pri:0, instance:resrassuredTests.BanenerAPI@55141def]" started-at="2026-03-19T17:27:32 IST" name="setup" finished-at="2026-03-19T17:27:32 IST" duration-ms="3" status="PASS">
          <reporter-output>
          </reporter-output>
        </test-method> <!-- setup -->
      </class> <!-- resrassuredTests.BanenerAPI -->
    </test> <!-- Default test -->
  </suite> <!-- Default suite -->
</testng-results>
