<?xml version="1.0" encoding="UTF-8"?>
<!-- Generated by org.testng.reporters.JUnitReportReporter -->
<testsuite hostname="DESKTOP-NBT543S" failures="0" tests="7" name="resrassuredTests.LoginAPI" time="4.326" errors="0" timestamp="2026-03-10T14:36:43 IST" skipped="0">
  <testcase classname="resrassuredTests.LoginAPI" name="successfulLogin" time="0.850"/>
  <testcase classname="resrassuredTests.LoginAPI" name="responseTimeTest" time="0.286"/>
  <testcase classname="resrassuredTests.LoginAPI" name="emptyPasswordTest" time="0.304"/>
  <testcase classname="resrassuredTests.LoginAPI" name="emptyEmailTest" time="0.423"/>
  <testcase classname="resrassuredTests.LoginAPI" name="invalidPasswordTest" time="0.290"/>
  <testcase classname="resrassuredTests.LoginAPI" name="emptyCredentialsTest" time="1.983"/>
  <testcase classname="resrassuredTests.LoginAPI" name="invalidEmailTest" time="0.190"/>
</testsuite> <!-- resrassuredTests.LoginAPI -->
