<?xml version="1.0" encoding="UTF-8"?>
<!-- Generated by org.testng.reporters.JUnitReportReporter -->
<testsuite hostname="DESKTOP-NBT543S" failures="0" tests="7" name="resrassuredTests.BanenerAPI" time="5.891" errors="0" timestamp="2026-03-20T11:08:41 IST" skipped="0">
  <testcase classname="resrassuredTests.BanenerAPI" name="getBanners_ContentType" time="3.403"/>
  <testcase classname="resrassuredTests.BanenerAPI" name="getBanners_ResponseTime" time="1.101"/>
  <testcase classname="resrassuredTests.BanenerAPI" name="setup" time="0.003"/>
  <testcase classname="resrassuredTests.BanenerAPI" name="getBanners_StatusCode" time="0.158"/>
  <testcase classname="resrassuredTests.BanenerAPI" name="getBanners_Unauthorized" time="0.121"/>
  <testcase classname="resrassuredTests.BanenerAPI" name="getBanners_NoAuthHeader" time="0.157"/>
  <testcase classname="resrassuredTests.BanenerAPI" name="getBanners_EmptyToken" time="0.948"/>
</testsuite> <!-- resrassuredTests.BanenerAPI -->
