<?xml version="1.0" encoding="UTF-8"?>
<!-- Generated by org.testng.reporters.JUnitReportReporter -->
<testsuite hostname="DESKTOP-NBT543S" failures="0" tests="7" name="resrassuredTests.BrandAPI" time="5.835" errors="0" timestamp="2026-03-18T10:50:11 IST" skipped="0">
  <testcase classname="resrassuredTests.BrandAPI" name="invalidTokenTest" time="0.183"/>
  <testcase classname="resrassuredTests.BrandAPI" name="emptySearchTest" time="3.644"/>
  <testcase classname="resrassuredTests.BrandAPI" name="validSearchTest" time="1.284"/>
  <testcase classname="resrassuredTests.BrandAPI" name="largeSearchInputTest" time="0.171"/>
  <testcase classname="resrassuredTests.BrandAPI" name="missingTokenTest" time="0.184"/>
  <testcase classname="resrassuredTests.BrandAPI" name="validateBrandFields" time="0.165"/>
  <testcase classname="resrassuredTests.BrandAPI" name="responseTimeTest" time="0.204"/>
</testsuite> <!-- resrassuredTests.BrandAPI -->
