<?xml version="1.0" encoding="UTF-8"?>
<!-- Generated by org.testng.reporters.JUnitReportReporter -->
<testsuite hostname="DESKTOP-NBT543S" failures="0" tests="10" name="resrassuredTests.LoginTest" time="4.105" errors="0" timestamp="2026-04-21T13:13:53 IST" skipped="0">
  <testcase classname="resrassuredTests.LoginTest" name="testSuccessfulLogin_Form" time="2.516"/>
  <testcase classname="resrassuredTests.LoginTest" name="testSuccessfulLogin_Json" time="0.256"/>
  <testcase classname="resrassuredTests.LoginTest" name="testInvalidPassword" time="0.317"/>
  <testcase classname="resrassuredTests.LoginTest" name="testNonRegisteredEmail" time="0.145"/>
  <testcase classname="resrassuredTests.LoginTest" name="testInvalidEmailFormat" time="0.131"/>
  <testcase classname="resrassuredTests.LoginTest" name="testEmptyPassword" time="0.115"/>
  <testcase classname="resrassuredTests.LoginTest" name="testEmptyEmail" time="0.142"/>
  <testcase classname="resrassuredTests.LoginTest" name="testMissingParameters" time="0.131"/>
  <testcase classname="resrassuredTests.LoginTest" name="testResponseTime" time="0.233"/>
  <testcase classname="resrassuredTests.LoginTest" name="testInvalidMethod" time="0.119"/>
</testsuite> <!-- resrassuredTests.LoginTest -->
