<?xml version="1.0" encoding="UTF-8"?>
<!-- Generated by org.testng.reporters.JUnitReportReporter -->
<testsuite hostname="DESKTOP-NBT543S" failures="0" tests="7" name="resrassuredTests.BrandAPI" time="4.427" errors="0" timestamp="2026-03-19T13:49:32 IST" skipped="0">
  <testcase classname="resrassuredTests.BrandAPI" name="validateBrandFields" time="0.221"/>
  <testcase classname="resrassuredTests.BrandAPI" name="largeSearchInputTest" time="0.203"/>
  <testcase classname="resrassuredTests.BrandAPI" name="invalidTokenTest" time="0.202"/>
  <testcase classname="resrassuredTests.BrandAPI" name="validSearchTest" time="1.406"/>
  <testcase classname="resrassuredTests.BrandAPI" name="missingTokenTest" time="0.215"/>
  <testcase classname="resrassuredTests.BrandAPI" name="responseTimeTest" time="0.162"/>
  <testcase classname="resrassuredTests.BrandAPI" name="emptySearchTest" time="2.018"/>
</testsuite> <!-- resrassuredTests.BrandAPI -->
