<?xml version="1.0" encoding="UTF-8"?>
<!-- Generated by org.testng.reporters.JUnitReportReporter -->
<testsuite hostname="DESKTOP-NBT543S" failures="0" tests="5" name="resrassuredTests.LogoutTest" time="1.189" errors="0" timestamp="2026-04-21T13:30:39 IST" skipped="0">
  <testcase classname="resrassuredTests.LogoutTest" name="testSuccessfulLogout" time="0.201"/>
  <testcase classname="resrassuredTests.LogoutTest" name="testLogoutWithoutToken" time="0.144"/>
  <testcase classname="resrassuredTests.LogoutTest" name="testLogoutWithInvalidToken" time="0.120"/>
  <testcase classname="resrassuredTests.LogoutTest" name="testDoubleLogout" time="0.476"/>
  <testcase classname="resrassuredTests.LogoutTest" name="testLogoutWithPostMethod" time="0.248"/>
</testsuite> <!-- resrassuredTests.LogoutTest -->
