<?xml version="1.0" encoding="UTF-8"?>
<!-- Generated by org.testng.reporters.JUnitReportReporter -->
<testsuite hostname="DESKTOP-NBT543S" failures="0" tests="5" name="resrassuredTests.LoginTest" time="3.369" errors="0" timestamp="2026-04-21T13:30:39 IST" skipped="0">
  <testcase classname="resrassuredTests.LoginTest" name="testSuccessfulLogin_Form" time="2.460"/>
  <testcase classname="resrassuredTests.LoginTest" name="testSuccessfulLogin_Json" time="0.288"/>
  <testcase classname="resrassuredTests.LoginTest" name="testInvalidCredentials" time="0.240"/>
  <testcase classname="resrassuredTests.LoginTest" name="testInvalidMethod" time="0.138"/>
  <testcase classname="resrassuredTests.LoginTest" name="testResponseTime" time="0.243"/>
</testsuite> <!-- resrassuredTests.LoginTest -->
